Some networks were defined but are not used by any service: sonarnet
jenkins is up-to-date
Attaching to jenkins
[36mjenkins    |[0m Running from: /usr/share/jenkins/jenkins.war
[36mjenkins    |[0m webroot: /var/jenkins_home/war
[36mjenkins    |[0m 2023-12-22 21:08:51.146+0000 [id=1]	INFO	winstone.Logger#logInternal: Beginning extraction from war file
[36mjenkins    |[0m 2023-12-22 21:08:51.276+0000 [id=1]	WARNING	o.e.j.s.handler.ContextHandler#setContextPath: Empty contextPath
[36mjenkins    |[0m 2023-12-22 21:08:51.374+0000 [id=1]	INFO	org.eclipse.jetty.server.Server#doStart: jetty-10.0.18; built: 2023-10-27T01:59:58.245Z; git: 8545fd9bf4cd0d0838f626b405fd4963441546b7; jvm 17.0.9+9
[36mjenkins    |[0m 2023-12-22 21:08:51.710+0000 [id=1]	INFO	o.e.j.w.StandardDescriptorProcessor#visitServlet: NO JSP Support for /, did not find org.eclipse.jetty.jsp.JettyJspServlet
[36mjenkins    |[0m 2023-12-22 21:08:51.775+0000 [id=1]	INFO	o.e.j.s.s.DefaultSessionIdManager#doStart: Session workerName=node0
[36mjenkins    |[0m 2023-12-22 21:08:52.506+0000 [id=1]	INFO	hudson.WebAppMain#contextInitialized: Jenkins home directory: /var/jenkins_home found at: EnvVars.masterEnvVars.get("JENKINS_HOME")
[36mjenkins    |[0m 2023-12-22 21:08:52.670+0000 [id=1]	INFO	o.e.j.s.handler.ContextHandler#doStart: Started w.@378bd86d{Jenkins v2.426.2,/,file:///var/jenkins_home/war/,AVAILABLE}{/var/jenkins_home/war}
[36mjenkins    |[0m 2023-12-22 21:08:52.697+0000 [id=1]	INFO	o.e.j.server.AbstractConnector#doStart: Started ServerConnector@4f67eb2a{HTTP/1.1, (http/1.1)}{0.0.0.0:8080}
[36mjenkins    |[0m 2023-12-22 21:08:52.722+0000 [id=1]	INFO	org.eclipse.jetty.server.Server#doStart: Started Server@272ed83b{STARTING}[10.0.18,sto=0] @2224ms
[36mjenkins    |[0m 2023-12-22 21:08:52.726+0000 [id=26]	INFO	winstone.Logger#logInternal: Winstone Servlet Engine running: controlPort=disabled
[36mjenkins    |[0m 2023-12-22 21:08:53.068+0000 [id=33]	INFO	jenkins.InitReactorRunner$1#onAttained: Started initialization
[36mjenkins    |[0m 2023-12-22 21:08:53.234+0000 [id=37]	INFO	jenkins.InitReactorRunner$1#onAttained: Listed all plugins
[36mjenkins    |[0m 2023-12-22 21:08:57.133+0000 [id=32]	INFO	jenkins.InitReactorRunner$1#onAttained: Prepared all plugins
[36mjenkins    |[0m 2023-12-22 21:08:57.156+0000 [id=36]	INFO	jenkins.InitReactorRunner$1#onAttained: Started all plugins
[36mjenkins    |[0m 2023-12-22 21:08:57.175+0000 [id=33]	INFO	jenkins.InitReactorRunner$1#onAttained: Augmented all extensions
[36mjenkins    |[0m 2023-12-22 21:08:57.841+0000 [id=36]	INFO	h.p.b.g.GlobalTimeOutConfiguration#load: global timeout not set
[36mjenkins    |[0m 2023-12-22 21:08:58.438+0000 [id=38]	INFO	jenkins.InitReactorRunner$1#onAttained: System config loaded
[36mjenkins    |[0m 2023-12-22 21:08:58.439+0000 [id=38]	INFO	jenkins.InitReactorRunner$1#onAttained: System config adapted
[36mjenkins    |[0m 2023-12-22 21:08:58.440+0000 [id=33]	INFO	jenkins.InitReactorRunner$1#onAttained: Loaded all jobs
[36mjenkins    |[0m 2023-12-22 21:08:58.454+0000 [id=35]	INFO	jenkins.InitReactorRunner$1#onAttained: Configuration for all jobs updated
[36mjenkins    |[0m 2023-12-22 21:08:58.534+0000 [id=32]	INFO	jenkins.InitReactorRunner$1#onAttained: Completed initialization
[36mjenkins    |[0m 2023-12-22 21:08:58.671+0000 [id=25]	INFO	hudson.lifecycle.Lifecycle#onReady: Jenkins is fully up and running
[36mjenkins    |[0m 2023-12-22 21:09:59.434+0000 [id=27]	INFO	winstone.Logger#logInternal: JVM is terminating. Shutting down Jetty
[36mjenkins    |[0m 2023-12-22 21:09:59.435+0000 [id=27]	INFO	org.eclipse.jetty.server.Server#doStop: Stopped Server@272ed83b{STOPPING}[10.0.18,sto=0]
[36mjenkins    |[0m 2023-12-22 21:09:59.438+0000 [id=27]	INFO	o.e.j.server.AbstractConnector#doStop: Stopped ServerConnector@4f67eb2a{HTTP/1.1, (http/1.1)}{0.0.0.0:8080}
[36mjenkins    |[0m 2023-12-22 21:09:59.440+0000 [id=27]	INFO	hudson.lifecycle.Lifecycle#onStatusUpdate: Stopping Jenkins
[36mjenkins    |[0m 2023-12-22 21:09:59.456+0000 [id=27]	INFO	jenkins.model.Jenkins$16#onAttained: Started termination
[36mjenkins    |[0m 2023-12-22 21:09:59.463+0000 [id=27]	INFO	h.p.b.global.Lifecycle#shutdown: Shutdown complete - Global TimeOut ScheduledExecutorService had 0 tasks pending
[36mjenkins    |[0m 2023-12-22 21:09:59.477+0000 [id=27]	INFO	jenkins.model.Jenkins$16#onAttained: Completed termination
[36mjenkins    |[0m 2023-12-22 21:09:59.478+0000 [id=27]	INFO	jenkins.model.Jenkins#_cleanUpDisconnectComputers: Starting node disconnection
[36mjenkins    |[0m 2023-12-22 21:09:59.493+0000 [id=27]	INFO	jenkins.model.Jenkins#_cleanUpShutdownPluginManager: Stopping plugin manager
[36mjenkins    |[0m 2023-12-22 21:09:59.496+0000 [id=27]	INFO	jenkins.model.Jenkins#_cleanUpPersistQueue: Persisting build queue
[36mjenkins    |[0m 2023-12-22 21:09:59.499+0000 [id=27]	INFO	jenkins.model.Jenkins#_cleanUpAwaitDisconnects: Waiting for node disconnection completion
[36mjenkins    |[0m 2023-12-22 21:09:59.500+0000 [id=27]	INFO	hudson.lifecycle.Lifecycle#onStatusUpdate: Jenkins stopped
[36mjenkins    |[0m 2023-12-22 21:09:59.502+0000 [id=27]	INFO	o.e.j.s.handler.ContextHandler#doStop: Stopped w.@378bd86d{Jenkins v2.426.2,/,null,STOPPED}{/var/jenkins_home/war}
[36mjenkins    |[0m Running from: /usr/share/jenkins/jenkins.war
[36mjenkins    |[0m webroot: /var/jenkins_home/war
[36mjenkins    |[0m 2023-12-22 21:10:14.831+0000 [id=1]	INFO	winstone.Logger#logInternal: Beginning extraction from war file
[36mjenkins    |[0m 2023-12-22 21:10:14.944+0000 [id=1]	WARNING	o.e.j.s.handler.ContextHandler#setContextPath: Empty contextPath
[36mjenkins    |[0m 2023-12-22 21:10:15.030+0000 [id=1]	INFO	org.eclipse.jetty.server.Server#doStart: jetty-10.0.18; built: 2023-10-27T01:59:58.245Z; git: 8545fd9bf4cd0d0838f626b405fd4963441546b7; jvm 17.0.9+9
[36mjenkins    |[0m 2023-12-22 21:10:15.354+0000 [id=1]	INFO	o.e.j.w.StandardDescriptorProcessor#visitServlet: NO JSP Support for /, did not find org.eclipse.jetty.jsp.JettyJspServlet
[36mjenkins    |[0m 2023-12-22 21:10:15.409+0000 [id=1]	INFO	o.e.j.s.s.DefaultSessionIdManager#doStart: Session workerName=node0
[36mjenkins    |[0m 2023-12-22 21:10:16.081+0000 [id=1]	INFO	hudson.WebAppMain#contextInitialized: Jenkins home directory: /var/jenkins_home found at: EnvVars.masterEnvVars.get("JENKINS_HOME")
[36mjenkins    |[0m 2023-12-22 21:10:16.214+0000 [id=1]	INFO	o.e.j.s.handler.ContextHandler#doStart: Started w.@5173200b{Jenkins v2.426.2,/,file:///var/jenkins_home/war/,AVAILABLE}{/var/jenkins_home/war}
[36mjenkins    |[0m 2023-12-22 21:10:16.236+0000 [id=1]	INFO	o.e.j.server.AbstractConnector#doStart: Started ServerConnector@4f67eb2a{HTTP/1.1, (http/1.1)}{0.0.0.0:8080}
[36mjenkins    |[0m 2023-12-22 21:10:16.256+0000 [id=1]	INFO	org.eclipse.jetty.server.Server#doStart: Started Server@272ed83b{STARTING}[10.0.18,sto=0] @2070ms
[36mjenkins    |[0m 2023-12-22 21:10:16.257+0000 [id=26]	INFO	winstone.Logger#logInternal: Winstone Servlet Engine running: controlPort=disabled
[36mjenkins    |[0m 2023-12-22 21:10:16.527+0000 [id=33]	INFO	jenkins.InitReactorRunner$1#onAttained: Started initialization
[36mjenkins    |[0m 2023-12-22 21:10:16.699+0000 [id=34]	INFO	jenkins.InitReactorRunner$1#onAttained: Listed all plugins
[36mjenkins    |[0m 2023-12-22 21:10:20.749+0000 [id=34]	INFO	jenkins.InitReactorRunner$1#onAttained: Prepared all plugins
[36mjenkins    |[0m 2023-12-22 21:10:20.772+0000 [id=35]	INFO	jenkins.InitReactorRunner$1#onAttained: Started all plugins
[36mjenkins    |[0m 2023-12-22 21:10:20.785+0000 [id=36]	INFO	jenkins.InitReactorRunner$1#onAttained: Augmented all extensions
[36mjenkins    |[0m 2023-12-22 21:10:21.445+0000 [id=37]	INFO	h.p.b.g.GlobalTimeOutConfiguration#load: global timeout not set
[36mjenkins    |[0m 2023-12-22 21:10:22.027+0000 [id=36]	INFO	jenkins.InitReactorRunner$1#onAttained: System config loaded
[36mjenkins    |[0m 2023-12-22 21:10:22.027+0000 [id=36]	INFO	jenkins.InitReactorRunner$1#onAttained: System config adapted
[36mjenkins    |[0m 2023-12-22 21:10:22.043+0000 [id=38]	INFO	jenkins.InitReactorRunner$1#onAttained: Loaded all jobs
[36mjenkins    |[0m 2023-12-22 21:10:22.057+0000 [id=33]	INFO	jenkins.InitReactorRunner$1#onAttained: Configuration for all jobs updated
[36mjenkins    |[0m 2023-12-22 21:10:22.126+0000 [id=33]	INFO	jenkins.InitReactorRunner$1#onAttained: Completed initialization
[36mjenkins    |[0m 2023-12-22 21:10:22.239+0000 [id=25]	INFO	hudson.lifecycle.Lifecycle#onReady: Jenkins is fully up and running
[36mjenkins    |[0m 2023-12-22 21:15:35.084+0000 [id=15]	WARNING	hudson.security.csrf.CrumbFilter#doFilter: Found invalid crumb 8ac3a0a2785a9a04d63cf6c3699803f450436dad448b5ff1fc8b26d9b4f69e8a. If you are calling this URL with a script, please use the API Token instead. More information: https://www.jenkins.io/redirect/crumb-cannot-be-used-for-script
[36mjenkins    |[0m 2023-12-22 21:15:35.084+0000 [id=20]	WARNING	hudson.security.csrf.CrumbFilter#doFilter: Found invalid crumb 8ac3a0a2785a9a04d63cf6c3699803f450436dad448b5ff1fc8b26d9b4f69e8a. If you are calling this URL with a script, please use the API Token instead. More information: https://www.jenkins.io/redirect/crumb-cannot-be-used-for-script
[36mjenkins    |[0m 2023-12-22 21:15:35.087+0000 [id=20]	WARNING	hudson.security.csrf.CrumbFilter#doFilter: No valid crumb was included in request for /widget/ExecutorsWidget/ajax by kkk. Returning 403.
[36mjenkins    |[0m 2023-12-22 21:15:35.085+0000 [id=15]	WARNING	hudson.security.csrf.CrumbFilter#doFilter: No valid crumb was included in request for /widget/BuildQueueWidget/ajax by kkk. Returning 403.
[36mjenkins    |[0m 2023-12-22 21:15:39.137+0000 [id=14]	WARNING	hudson.security.csrf.CrumbFilter#doFilter: Found invalid crumb 8ac3a0a2785a9a04d63cf6c3699803f450436dad448b5ff1fc8b26d9b4f69e8a. If you are calling this URL with a script, please use the API Token instead. More information: https://www.jenkins.io/redirect/crumb-cannot-be-used-for-script
[36mjenkins    |[0m 2023-12-22 21:15:39.137+0000 [id=14]	WARNING	hudson.security.csrf.CrumbFilter#doFilter: No valid crumb was included in request for /widget/ExecutorsWidget/ajax by kkk. Returning 403.
[36mjenkins    |[0m 2023-12-22 21:15:39.137+0000 [id=19]	WARNING	hudson.security.csrf.CrumbFilter#doFilter: Found invalid crumb 8ac3a0a2785a9a04d63cf6c3699803f450436dad448b5ff1fc8b26d9b4f69e8a. If you are calling this URL with a script, please use the API Token instead. More information: https://www.jenkins.io/redirect/crumb-cannot-be-used-for-script
[36mjenkins    |[0m 2023-12-22 21:15:39.139+0000 [id=19]	WARNING	hudson.security.csrf.CrumbFilter#doFilter: No valid crumb was included in request for /widget/BuildQueueWidget/ajax by kkk. Returning 403.
[36mjenkins    |[0m 2023-12-22 21:15:44.135+0000 [id=21]	WARNING	hudson.security.csrf.CrumbFilter#doFilter: Found invalid crumb 8ac3a0a2785a9a04d63cf6c3699803f450436dad448b5ff1fc8b26d9b4f69e8a. If you are calling this URL with a script, please use the API Token instead. More information: https://www.jenkins.io/redirect/crumb-cannot-be-used-for-script
[36mjenkins    |[0m 2023-12-22 21:15:44.136+0000 [id=21]	WARNING	hudson.security.csrf.CrumbFilter#doFilter: No valid crumb was included in request for /widget/BuildQueueWidget/ajax by kkk. Returning 403.
[36mjenkins    |[0m 2023-12-22 21:15:44.135+0000 [id=18]	WARNING	hudson.security.csrf.CrumbFilter#doFilter: Found invalid crumb 8ac3a0a2785a9a04d63cf6c3699803f450436dad448b5ff1fc8b26d9b4f69e8a. If you are calling this URL with a script, please use the API Token instead. More information: https://www.jenkins.io/redirect/crumb-cannot-be-used-for-script
[36mjenkins    |[0m 2023-12-22 21:15:44.137+0000 [id=18]	WARNING	hudson.security.csrf.CrumbFilter#doFilter: No valid crumb was included in request for /widget/ExecutorsWidget/ajax by kkk. Returning 403.
[36mjenkins    |[0m 2023-12-22 21:15:49.135+0000 [id=19]	WARNING	hudson.security.csrf.CrumbFilter#doFilter: Found invalid crumb 8ac3a0a2785a9a04d63cf6c3699803f450436dad448b5ff1fc8b26d9b4f69e8a. If you are calling this URL with a script, please use the API Token instead. More information: https://www.jenkins.io/redirect/crumb-cannot-be-used-for-script
[36mjenkins    |[0m 2023-12-22 21:15:49.135+0000 [id=17]	WARNING	hudson.security.csrf.CrumbFilter#doFilter: Found invalid crumb 8ac3a0a2785a9a04d63cf6c3699803f450436dad448b5ff1fc8b26d9b4f69e8a. If you are calling this URL with a script, please use the API Token instead. More information: https://www.jenkins.io/redirect/crumb-cannot-be-used-for-script
[36mjenkins    |[0m 2023-12-22 21:15:49.136+0000 [id=17]	WARNING	hudson.security.csrf.CrumbFilter#doFilter: No valid crumb was included in request for /widget/BuildQueueWidget/ajax by kkk. Returning 403.
[36mjenkins    |[0m 2023-12-22 21:15:49.136+0000 [id=19]	WARNING	hudson.security.csrf.CrumbFilter#doFilter: No valid crumb was included in request for /widget/ExecutorsWidget/ajax by kkk. Returning 403.
[36mjenkins    |[0m 2023-12-22 21:15:54.135+0000 [id=18]	WARNING	hudson.security.csrf.CrumbFilter#doFilter: Found invalid crumb 8ac3a0a2785a9a04d63cf6c3699803f450436dad448b5ff1fc8b26d9b4f69e8a. If you are calling this URL with a script, please use the API Token instead. More information: https://www.jenkins.io/redirect/crumb-cannot-be-used-for-script
[36mjenkins    |[0m 2023-12-22 21:15:54.135+0000 [id=21]	WARNING	hudson.security.csrf.CrumbFilter#doFilter: Found invalid crumb 8ac3a0a2785a9a04d63cf6c3699803f450436dad448b5ff1fc8b26d9b4f69e8a. If you are calling this URL with a script, please use the API Token instead. More information: https://www.jenkins.io/redirect/crumb-cannot-be-used-for-script
[36mjenkins    |[0m 2023-12-22 21:15:54.136+0000 [id=21]	WARNING	hudson.security.csrf.CrumbFilter#doFilter: No valid crumb was included in request for /widget/BuildQueueWidget/ajax by kkk. Returning 403.
[36mjenkins    |[0m 2023-12-22 21:15:54.135+0000 [id=18]	WARNING	hudson.security.csrf.CrumbFilter#doFilter: No valid crumb was included in request for /widget/ExecutorsWidget/ajax by kkk. Returning 403.
[36mjenkins    |[0m 2023-12-22 21:15:59.137+0000 [id=17]	WARNING	hudson.security.csrf.CrumbFilter#doFilter: Found invalid crumb 8ac3a0a2785a9a04d63cf6c3699803f450436dad448b5ff1fc8b26d9b4f69e8a. If you are calling this URL with a script, please use the API Token instead. More information: https://www.jenkins.io/redirect/crumb-cannot-be-used-for-script
[36mjenkins    |[0m 2023-12-22 21:15:59.138+0000 [id=17]	WARNING	hudson.security.csrf.CrumbFilter#doFilter: No valid crumb was included in request for /widget/BuildQueueWidget/ajax by kkk. Returning 403.
[36mjenkins    |[0m 2023-12-22 21:15:59.138+0000 [id=19]	WARNING	hudson.security.csrf.CrumbFilter#doFilter: Found invalid crumb 8ac3a0a2785a9a04d63cf6c3699803f450436dad448b5ff1fc8b26d9b4f69e8a. If you are calling this URL with a script, please use the API Token instead. More information: https://www.jenkins.io/redirect/crumb-cannot-be-used-for-script
[36mjenkins    |[0m 2023-12-22 21:15:59.141+0000 [id=19]	WARNING	hudson.security.csrf.CrumbFilter#doFilter: No valid crumb was included in request for /widget/ExecutorsWidget/ajax by kkk. Returning 403.
[36mjenkins    |[0m 2023-12-22 21:16:04.135+0000 [id=21]	WARNING	hudson.security.csrf.CrumbFilter#doFilter: Found invalid crumb 8ac3a0a2785a9a04d63cf6c3699803f450436dad448b5ff1fc8b26d9b4f69e8a. If you are calling this URL with a script, please use the API Token instead. More information: https://www.jenkins.io/redirect/crumb-cannot-be-used-for-script
[36mjenkins    |[0m 2023-12-22 21:16:04.135+0000 [id=18]	WARNING	hudson.security.csrf.CrumbFilter#doFilter: Found invalid crumb 8ac3a0a2785a9a04d63cf6c3699803f450436dad448b5ff1fc8b26d9b4f69e8a. If you are calling this URL with a script, please use the API Token instead. More information: https://www.jenkins.io/redirect/crumb-cannot-be-used-for-script
[36mjenkins    |[0m 2023-12-22 21:16:04.136+0000 [id=18]	WARNING	hudson.security.csrf.CrumbFilter#doFilter: No valid crumb was included in request for /widget/BuildQueueWidget/ajax by kkk. Returning 403.
[36mjenkins    |[0m 2023-12-22 21:16:04.135+0000 [id=21]	WARNING	hudson.security.csrf.CrumbFilter#doFilter: No valid crumb was included in request for /widget/ExecutorsWidget/ajax by kkk. Returning 403.
[36mjenkins    |[0m 2023-12-22 21:16:09.135+0000 [id=19]	WARNING	hudson.security.csrf.CrumbFilter#doFilter: Found invalid crumb 8ac3a0a2785a9a04d63cf6c3699803f450436dad448b5ff1fc8b26d9b4f69e8a. If you are calling this URL with a script, please use the API Token instead. More information: https://www.jenkins.io/redirect/crumb-cannot-be-used-for-script
[36mjenkins    |[0m 2023-12-22 21:16:09.135+0000 [id=17]	WARNING	hudson.security.csrf.CrumbFilter#doFilter: Found invalid crumb 8ac3a0a2785a9a04d63cf6c3699803f450436dad448b5ff1fc8b26d9b4f69e8a. If you are calling this URL with a script, please use the API Token instead. More information: https://www.jenkins.io/redirect/crumb-cannot-be-used-for-script
[36mjenkins    |[0m 2023-12-22 21:16:09.135+0000 [id=19]	WARNING	hudson.security.csrf.CrumbFilter#doFilter: No valid crumb was included in request for /widget/ExecutorsWidget/ajax by kkk. Returning 403.
[36mjenkins    |[0m 2023-12-22 21:16:09.135+0000 [id=17]	WARNING	hudson.security.csrf.CrumbFilter#doFilter: No valid crumb was included in request for /widget/BuildQueueWidget/ajax by kkk. Returning 403.
[36mjenkins    |[0m 2023-12-22 21:16:14.135+0000 [id=18]	WARNING	hudson.security.csrf.CrumbFilter#doFilter: Found invalid crumb 8ac3a0a2785a9a04d63cf6c3699803f450436dad448b5ff1fc8b26d9b4f69e8a. If you are calling this URL with a script, please use the API Token instead. More information: https://www.jenkins.io/redirect/crumb-cannot-be-used-for-script
[36mjenkins    |[0m 2023-12-22 21:16:14.135+0000 [id=21]	WARNING	hudson.security.csrf.CrumbFilter#doFilter: Found invalid crumb 8ac3a0a2785a9a04d63cf6c3699803f450436dad448b5ff1fc8b26d9b4f69e8a. If you are calling this URL with a script, please use the API Token instead. More information: https://www.jenkins.io/redirect/crumb-cannot-be-used-for-script
[36mjenkins    |[0m 2023-12-22 21:16:14.136+0000 [id=21]	WARNING	hudson.security.csrf.CrumbFilter#doFilter: No valid crumb was included in request for /widget/BuildQueueWidget/ajax by kkk. Returning 403.
[36mjenkins    |[0m 2023-12-22 21:16:14.135+0000 [id=18]	WARNING	hudson.security.csrf.CrumbFilter#doFilter: No valid crumb was included in request for /widget/ExecutorsWidget/ajax by kkk. Returning 403.
[36mjenkins    |[0m 2023-12-22 21:16:19.135+0000 [id=17]	WARNING	hudson.security.csrf.CrumbFilter#doFilter: Found invalid crumb 8ac3a0a2785a9a04d63cf6c3699803f450436dad448b5ff1fc8b26d9b4f69e8a. If you are calling this URL with a script, please use the API Token instead. More information: https://www.jenkins.io/redirect/crumb-cannot-be-used-for-script
[36mjenkins    |[0m 2023-12-22 21:16:19.135+0000 [id=17]	WARNING	hudson.security.csrf.CrumbFilter#doFilter: No valid crumb was included in request for /widget/BuildQueueWidget/ajax by kkk. Returning 403.
[36mjenkins    |[0m 2023-12-22 21:16:19.135+0000 [id=19]	WARNING	hudson.security.csrf.CrumbFilter#doFilter: Found invalid crumb 8ac3a0a2785a9a04d63cf6c3699803f450436dad448b5ff1fc8b26d9b4f69e8a. If you are calling this URL with a script, please use the API Token instead. More information: https://www.jenkins.io/redirect/crumb-cannot-be-used-for-script
[36mjenkins    |[0m 2023-12-22 21:16:19.136+0000 [id=19]	WARNING	hudson.security.csrf.CrumbFilter#doFilter: No valid crumb was included in request for /widget/ExecutorsWidget/ajax by kkk. Returning 403.
[36mjenkins    |[0m 2023-12-22 21:16:24.135+0000 [id=21]	WARNING	hudson.security.csrf.CrumbFilter#doFilter: Found invalid crumb 8ac3a0a2785a9a04d63cf6c3699803f450436dad448b5ff1fc8b26d9b4f69e8a. If you are calling this URL with a script, please use the API Token instead. More information: https://www.jenkins.io/redirect/crumb-cannot-be-used-for-script
[36mjenkins    |[0m 2023-12-22 21:16:24.135+0000 [id=18]	WARNING	hudson.security.csrf.CrumbFilter#doFilter: Found invalid crumb 8ac3a0a2785a9a04d63cf6c3699803f450436dad448b5ff1fc8b26d9b4f69e8a. If you are calling this URL with a script, please use the API Token instead. More information: https://www.jenkins.io/redirect/crumb-cannot-be-used-for-script
[36mjenkins    |[0m 2023-12-22 21:16:24.135+0000 [id=21]	WARNING	hudson.security.csrf.CrumbFilter#doFilter: No valid crumb was included in request for /widget/BuildQueueWidget/ajax by kkk. Returning 403.
[36mjenkins    |[0m 2023-12-22 21:16:24.136+0000 [id=18]	WARNING	hudson.security.csrf.CrumbFilter#doFilter: No valid crumb was included in request for /widget/ExecutorsWidget/ajax by kkk. Returning 403.
[36mjenkins    |[0m 2023-12-22 21:16:29.135+0000 [id=19]	WARNING	hudson.security.csrf.CrumbFilter#doFilter: Found invalid crumb 8ac3a0a2785a9a04d63cf6c3699803f450436dad448b5ff1fc8b26d9b4f69e8a. If you are calling this URL with a script, please use the API Token instead. More information: https://www.jenkins.io/redirect/crumb-cannot-be-used-for-script
[36mjenkins    |[0m 2023-12-22 21:16:29.135+0000 [id=17]	WARNING	hudson.security.csrf.CrumbFilter#doFilter: Found invalid crumb 8ac3a0a2785a9a04d63cf6c3699803f450436dad448b5ff1fc8b26d9b4f69e8a. If you are calling this URL with a script, please use the API Token instead. More information: https://www.jenkins.io/redirect/crumb-cannot-be-used-for-script
[36mjenkins    |[0m 2023-12-22 21:16:29.135+0000 [id=19]	WARNING	hudson.security.csrf.CrumbFilter#doFilter: No valid crumb was included in request for /widget/ExecutorsWidget/ajax by kkk. Returning 403.
[36mjenkins    |[0m 2023-12-22 21:16:29.135+0000 [id=17]	WARNING	hudson.security.csrf.CrumbFilter#doFilter: No valid crumb was included in request for /widget/BuildQueueWidget/ajax by kkk. Returning 403.
[36mjenkins    |[0m 2023-12-22 21:16:34.135+0000 [id=21]	WARNING	hudson.security.csrf.CrumbFilter#doFilter: Found invalid crumb 8ac3a0a2785a9a04d63cf6c3699803f450436dad448b5ff1fc8b26d9b4f69e8a. If you are calling this URL with a script, please use the API Token instead. More information: https://www.jenkins.io/redirect/crumb-cannot-be-used-for-script
[36mjenkins    |[0m 2023-12-22 21:16:34.135+0000 [id=21]	WARNING	hudson.security.csrf.CrumbFilter#doFilter: No valid crumb was included in request for /widget/BuildQueueWidget/ajax by kkk. Returning 403.
[36mjenkins    |[0m 2023-12-22 21:16:34.135+0000 [id=18]	WARNING	hudson.security.csrf.CrumbFilter#doFilter: Found invalid crumb 8ac3a0a2785a9a04d63cf6c3699803f450436dad448b5ff1fc8b26d9b4f69e8a. If you are calling this URL with a script, please use the API Token instead. More information: https://www.jenkins.io/redirect/crumb-cannot-be-used-for-script
[36mjenkins    |[0m 2023-12-22 21:16:34.136+0000 [id=18]	WARNING	hudson.security.csrf.CrumbFilter#doFilter: No valid crumb was included in request for /widget/ExecutorsWidget/ajax by kkk. Returning 403.
[36mjenkins    |[0m 2023-12-22 21:16:39.135+0000 [id=17]	WARNING	hudson.security.csrf.CrumbFilter#doFilter: Found invalid crumb 8ac3a0a2785a9a04d63cf6c3699803f450436dad448b5ff1fc8b26d9b4f69e8a. If you are calling this URL with a script, please use the API Token instead. More information: https://www.jenkins.io/redirect/crumb-cannot-be-used-for-script
[36mjenkins    |[0m 2023-12-22 21:16:39.135+0000 [id=19]	WARNING	hudson.security.csrf.CrumbFilter#doFilter: Found invalid crumb 8ac3a0a2785a9a04d63cf6c3699803f450436dad448b5ff1fc8b26d9b4f69e8a. If you are calling this URL with a script, please use the API Token instead. More information: https://www.jenkins.io/redirect/crumb-cannot-be-used-for-script
[36mjenkins    |[0m 2023-12-22 21:16:39.135+0000 [id=17]	WARNING	hudson.security.csrf.CrumbFilter#doFilter: No valid crumb was included in request for /widget/BuildQueueWidget/ajax by kkk. Returning 403.
[36mjenkins    |[0m 2023-12-22 21:16:39.135+0000 [id=19]	WARNING	hudson.security.csrf.CrumbFilter#doFilter: No valid crumb was included in request for /widget/ExecutorsWidget/ajax by kkk. Returning 403.
[36mjenkins    |[0m 2023-12-22 21:16:44.135+0000 [id=21]	WARNING	hudson.security.csrf.CrumbFilter#doFilter: Found invalid crumb 8ac3a0a2785a9a04d63cf6c3699803f450436dad448b5ff1fc8b26d9b4f69e8a. If you are calling this URL with a script, please use the API Token instead. More information: https://www.jenkins.io/redirect/crumb-cannot-be-used-for-script
[36mjenkins    |[0m 2023-12-22 21:16:44.135+0000 [id=18]	WARNING	hudson.security.csrf.CrumbFilter#doFilter: Found invalid crumb 8ac3a0a2785a9a04d63cf6c3699803f450436dad448b5ff1fc8b26d9b4f69e8a. If you are calling this URL with a script, please use the API Token instead. More information: https://www.jenkins.io/redirect/crumb-cannot-be-used-for-script
[36mjenkins    |[0m 2023-12-22 21:16:44.135+0000 [id=18]	WARNING	hudson.security.csrf.CrumbFilter#doFilter: No valid crumb was included in request for /widget/ExecutorsWidget/ajax by kkk. Returning 403.
[36mjenkins    |[0m 2023-12-22 21:16:44.135+0000 [id=21]	WARNING	hudson.security.csrf.CrumbFilter#doFilter: No valid crumb was included in request for /widget/BuildQueueWidget/ajax by kkk. Returning 403.
[36mjenkins    |[0m 2023-12-22 21:16:49.135+0000 [id=17]	WARNING	hudson.security.csrf.CrumbFilter#doFilter: Found invalid crumb 8ac3a0a2785a9a04d63cf6c3699803f450436dad448b5ff1fc8b26d9b4f69e8a. If you are calling this URL with a script, please use the API Token instead. More information: https://www.jenkins.io/redirect/crumb-cannot-be-used-for-script
[36mjenkins    |[0m 2023-12-22 21:16:49.135+0000 [id=19]	WARNING	hudson.security.csrf.CrumbFilter#doFilter: Found invalid crumb 8ac3a0a2785a9a04d63cf6c3699803f450436dad448b5ff1fc8b26d9b4f69e8a. If you are calling this URL with a script, please use the API Token instead. More information: https://www.jenkins.io/redirect/crumb-cannot-be-used-for-script
[36mjenkins    |[0m 2023-12-22 21:16:49.136+0000 [id=19]	WARNING	hudson.security.csrf.CrumbFilter#doFilter: No valid crumb was included in request for /widget/BuildQueueWidget/ajax by kkk. Returning 403.
[36mjenkins    |[0m 2023-12-22 21:16:49.135+0000 [id=17]	WARNING	hudson.security.csrf.CrumbFilter#doFilter: No valid crumb was included in request for /widget/ExecutorsWidget/ajax by kkk. Returning 403.
[36mjenkins    |[0m 2023-12-22 21:16:54.135+0000 [id=15]	WARNING	hudson.security.csrf.CrumbFilter#doFilter: Found invalid crumb 8ac3a0a2785a9a04d63cf6c3699803f450436dad448b5ff1fc8b26d9b4f69e8a. If you are calling this URL with a script, please use the API Token instead. More information: https://www.jenkins.io/redirect/crumb-cannot-be-used-for-script
[36mjenkins    |[0m 2023-12-22 21:16:54.135+0000 [id=15]	WARNING	hudson.security.csrf.CrumbFilter#doFilter: No valid crumb was included in request for /widget/BuildQueueWidget/ajax by kkk. Returning 403.
[36mjenkins    |[0m 2023-12-22 21:16:54.135+0000 [id=18]	WARNING	hudson.security.csrf.CrumbFilter#doFilter: Found invalid crumb 8ac3a0a2785a9a04d63cf6c3699803f450436dad448b5ff1fc8b26d9b4f69e8a. If you are calling this URL with a script, please use the API Token instead. More information: https://www.jenkins.io/redirect/crumb-cannot-be-used-for-script
[36mjenkins    |[0m 2023-12-22 21:16:54.136+0000 [id=18]	WARNING	hudson.security.csrf.CrumbFilter#doFilter: No valid crumb was included in request for /widget/ExecutorsWidget/ajax by kkk. Returning 403.
[36mjenkins    |[0m 2023-12-22 21:16:59.135+0000 [id=19]	WARNING	hudson.security.csrf.CrumbFilter#doFilter: Found invalid crumb 8ac3a0a2785a9a04d63cf6c3699803f450436dad448b5ff1fc8b26d9b4f69e8a. If you are calling this URL with a script, please use the API Token instead. More information: https://www.jenkins.io/redirect/crumb-cannot-be-used-for-script
[36mjenkins    |[0m 2023-12-22 21:16:59.135+0000 [id=19]	WARNING	hudson.security.csrf.CrumbFilter#doFilter: No valid crumb was included in request for /widget/BuildQueueWidget/ajax by kkk. Returning 403.
[36mjenkins    |[0m 2023-12-22 21:16:59.135+0000 [id=17]	WARNING	hudson.security.csrf.CrumbFilter#doFilter: Found invalid crumb 8ac3a0a2785a9a04d63cf6c3699803f450436dad448b5ff1fc8b26d9b4f69e8a. If you are calling this URL with a script, please use the API Token instead. More information: https://www.jenkins.io/redirect/crumb-cannot-be-used-for-script
[36mjenkins    |[0m 2023-12-22 21:16:59.136+0000 [id=17]	WARNING	hudson.security.csrf.CrumbFilter#doFilter: No valid crumb was included in request for /widget/ExecutorsWidget/ajax by kkk. Returning 403.
[36mjenkins    |[0m 2023-12-22 21:17:04.135+0000 [id=15]	WARNING	hudson.security.csrf.CrumbFilter#doFilter: Found invalid crumb 8ac3a0a2785a9a04d63cf6c3699803f450436dad448b5ff1fc8b26d9b4f69e8a. If you are calling this URL with a script, please use the API Token instead. More information: https://www.jenkins.io/redirect/crumb-cannot-be-used-for-script
[36mjenkins    |[0m 2023-12-22 21:17:04.135+0000 [id=15]	WARNING	hudson.security.csrf.CrumbFilter#doFilter: No valid crumb was included in request for /widget/ExecutorsWidget/ajax by kkk. Returning 403.
[36mjenkins    |[0m 2023-12-22 21:17:04.135+0000 [id=18]	WARNING	hudson.security.csrf.CrumbFilter#doFilter: Found invalid crumb 8ac3a0a2785a9a04d63cf6c3699803f450436dad448b5ff1fc8b26d9b4f69e8a. If you are calling this URL with a script, please use the API Token instead. More information: https://www.jenkins.io/redirect/crumb-cannot-be-used-for-script
[36mjenkins    |[0m 2023-12-22 21:17:04.136+0000 [id=18]	WARNING	hudson.security.csrf.CrumbFilter#doFilter: No valid crumb was included in request for /widget/BuildQueueWidget/ajax by kkk. Returning 403.
[36mjenkins    |[0m 2023-12-22 21:17:09.135+0000 [id=19]	WARNING	hudson.security.csrf.CrumbFilter#doFilter: Found invalid crumb 8ac3a0a2785a9a04d63cf6c3699803f450436dad448b5ff1fc8b26d9b4f69e8a. If you are calling this URL with a script, please use the API Token instead. More information: https://www.jenkins.io/redirect/crumb-cannot-be-used-for-script
[36mjenkins    |[0m 2023-12-22 21:17:09.135+0000 [id=19]	WARNING	hudson.security.csrf.CrumbFilter#doFilter: No valid crumb was included in request for /widget/BuildQueueWidget/ajax by kkk. Returning 403.
[36mjenkins    |[0m 2023-12-22 21:17:09.135+0000 [id=17]	WARNING	hudson.security.csrf.CrumbFilter#doFilter: Found invalid crumb 8ac3a0a2785a9a04d63cf6c3699803f450436dad448b5ff1fc8b26d9b4f69e8a. If you are calling this URL with a script, please use the API Token instead. More information: https://www.jenkins.io/redirect/crumb-cannot-be-used-for-script
[36mjenkins    |[0m 2023-12-22 21:17:09.137+0000 [id=17]	WARNING	hudson.security.csrf.CrumbFilter#doFilter: No valid crumb was included in request for /widget/ExecutorsWidget/ajax by kkk. Returning 403.
[36mjenkins    |[0m 2023-12-22 21:17:14.138+0000 [id=15]	WARNING	hudson.security.csrf.CrumbFilter#doFilter: Found invalid crumb 8ac3a0a2785a9a04d63cf6c3699803f450436dad448b5ff1fc8b26d9b4f69e8a. If you are calling this URL with a script, please use the API Token instead. More information: https://www.jenkins.io/redirect/crumb-cannot-be-used-for-script
[36mjenkins    |[0m 2023-12-22 21:17:14.139+0000 [id=18]	WARNING	hudson.security.csrf.CrumbFilter#doFilter: Found invalid crumb 8ac3a0a2785a9a04d63cf6c3699803f450436dad448b5ff1fc8b26d9b4f69e8a. If you are calling this URL with a script, please use the API Token instead. More information: https://www.jenkins.io/redirect/crumb-cannot-be-used-for-script
[36mjenkins    |[0m 2023-12-22 21:17:14.139+0000 [id=15]	WARNING	hudson.security.csrf.CrumbFilter#doFilter: No valid crumb was included in request for /widget/BuildQueueWidget/ajax by kkk. Returning 403.
[36mjenkins    |[0m 2023-12-22 21:17:14.140+0000 [id=18]	WARNING	hudson.security.csrf.CrumbFilter#doFilter: No valid crumb was included in request for /widget/ExecutorsWidget/ajax by kkk. Returning 403.
[36mjenkins    |[0m 2023-12-22 21:17:19.139+0000 [id=17]	WARNING	hudson.security.csrf.CrumbFilter#doFilter: Found invalid crumb 8ac3a0a2785a9a04d63cf6c3699803f450436dad448b5ff1fc8b26d9b4f69e8a. If you are calling this URL with a script, please use the API Token instead. More information: https://www.jenkins.io/redirect/crumb-cannot-be-used-for-script
[36mjenkins    |[0m 2023-12-22 21:17:19.140+0000 [id=19]	WARNING	hudson.security.csrf.CrumbFilter#doFilter: Found invalid crumb 8ac3a0a2785a9a04d63cf6c3699803f450436dad448b5ff1fc8b26d9b4f69e8a. If you are calling this URL with a script, please use the API Token instead. More information: https://www.jenkins.io/redirect/crumb-cannot-be-used-for-script
[36mjenkins    |[0m 2023-12-22 21:17:19.141+0000 [id=19]	WARNING	hudson.security.csrf.CrumbFilter#doFilter: No valid crumb was included in request for /widget/ExecutorsWidget/ajax by kkk. Returning 403.
[36mjenkins    |[0m 2023-12-22 21:17:19.140+0000 [id=17]	WARNING	hudson.security.csrf.CrumbFilter#doFilter: No valid crumb was included in request for /widget/BuildQueueWidget/ajax by kkk. Returning 403.
[36mjenkins    |[0m 2023-12-22 21:17:24.135+0000 [id=18]	WARNING	hudson.security.csrf.CrumbFilter#doFilter: Found invalid crumb 8ac3a0a2785a9a04d63cf6c3699803f450436dad448b5ff1fc8b26d9b4f69e8a. If you are calling this URL with a script, please use the API Token instead. More information: https://www.jenkins.io/redirect/crumb-cannot-be-used-for-script
[36mjenkins    |[0m 2023-12-22 21:17:24.135+0000 [id=15]	WARNING	hudson.security.csrf.CrumbFilter#doFilter: Found invalid crumb 8ac3a0a2785a9a04d63cf6c3699803f450436dad448b5ff1fc8b26d9b4f69e8a. If you are calling this URL with a script, please use the API Token instead. More information: https://www.jenkins.io/redirect/crumb-cannot-be-used-for-script
[36mjenkins    |[0m 2023-12-22 21:17:24.135+0000 [id=15]	WARNING	hudson.security.csrf.CrumbFilter#doFilter: No valid crumb was included in request for /widget/ExecutorsWidget/ajax by kkk. Returning 403.
[36mjenkins    |[0m 2023-12-22 21:17:24.136+0000 [id=18]	WARNING	hudson.security.csrf.CrumbFilter#doFilter: No valid crumb was included in request for /widget/BuildQueueWidget/ajax by kkk. Returning 403.
[36mjenkins    |[0m 2023-12-22 21:17:29.135+0000 [id=19]	WARNING	hudson.security.csrf.CrumbFilter#doFilter: Found invalid crumb 8ac3a0a2785a9a04d63cf6c3699803f450436dad448b5ff1fc8b26d9b4f69e8a. If you are calling this URL with a script, please use the API Token instead. More information: https://www.jenkins.io/redirect/crumb-cannot-be-used-for-script
[36mjenkins    |[0m 2023-12-22 21:17:29.135+0000 [id=19]	WARNING	hudson.security.csrf.CrumbFilter#doFilter: No valid crumb was included in request for /widget/ExecutorsWidget/ajax by kkk. Returning 403.
[36mjenkins    |[0m 2023-12-22 21:17:29.135+0000 [id=17]	WARNING	hudson.security.csrf.CrumbFilter#doFilter: Found invalid crumb 8ac3a0a2785a9a04d63cf6c3699803f450436dad448b5ff1fc8b26d9b4f69e8a. If you are calling this URL with a script, please use the API Token instead. More information: https://www.jenkins.io/redirect/crumb-cannot-be-used-for-script
[36mjenkins    |[0m 2023-12-22 21:17:29.136+0000 [id=17]	WARNING	hudson.security.csrf.CrumbFilter#doFilter: No valid crumb was included in request for /widget/BuildQueueWidget/ajax by kkk. Returning 403.
[36mjenkins    |[0m 2023-12-22 21:17:34.135+0000 [id=18]	WARNING	hudson.security.csrf.CrumbFilter#doFilter: Found invalid crumb 8ac3a0a2785a9a04d63cf6c3699803f450436dad448b5ff1fc8b26d9b4f69e8a. If you are calling this URL with a script, please use the API Token instead. More information: https://www.jenkins.io/redirect/crumb-cannot-be-used-for-script
[36mjenkins    |[0m 2023-12-22 21:17:34.135+0000 [id=15]	WARNING	hudson.security.csrf.CrumbFilter#doFilter: Found invalid crumb 8ac3a0a2785a9a04d63cf6c3699803f450436dad448b5ff1fc8b26d9b4f69e8a. If you are calling this URL with a script, please use the API Token instead. More information: https://www.jenkins.io/redirect/crumb-cannot-be-used-for-script
[36mjenkins    |[0m 2023-12-22 21:17:34.135+0000 [id=15]	WARNING	hudson.security.csrf.CrumbFilter#doFilter: No valid crumb was included in request for /widget/ExecutorsWidget/ajax by kkk. Returning 403.
[36mjenkins    |[0m 2023-12-22 21:17:34.135+0000 [id=18]	WARNING	hudson.security.csrf.CrumbFilter#doFilter: No valid crumb was included in request for /widget/BuildQueueWidget/ajax by kkk. Returning 403.
[36mjenkins    |[0m 2023-12-22 21:17:39.135+0000 [id=19]	WARNING	hudson.security.csrf.CrumbFilter#doFilter: Found invalid crumb 8ac3a0a2785a9a04d63cf6c3699803f450436dad448b5ff1fc8b26d9b4f69e8a. If you are calling this URL with a script, please use the API Token instead. More information: https://www.jenkins.io/redirect/crumb-cannot-be-used-for-script
[36mjenkins    |[0m 2023-12-22 21:17:39.135+0000 [id=17]	WARNING	hudson.security.csrf.CrumbFilter#doFilter: Found invalid crumb 8ac3a0a2785a9a04d63cf6c3699803f450436dad448b5ff1fc8b26d9b4f69e8a. If you are calling this URL with a script, please use the API Token instead. More information: https://www.jenkins.io/redirect/crumb-cannot-be-used-for-script
[36mjenkins    |[0m 2023-12-22 21:17:39.136+0000 [id=17]	WARNING	hudson.security.csrf.CrumbFilter#doFilter: No valid crumb was included in request for /widget/BuildQueueWidget/ajax by kkk. Returning 403.
[36mjenkins    |[0m 2023-12-22 21:17:39.135+0000 [id=19]	WARNING	hudson.security.csrf.CrumbFilter#doFilter: No valid crumb was included in request for /widget/ExecutorsWidget/ajax by kkk. Returning 403.
[36mjenkins    |[0m 2023-12-22 21:17:44.135+0000 [id=15]	WARNING	hudson.security.csrf.CrumbFilter#doFilter: Found invalid crumb 8ac3a0a2785a9a04d63cf6c3699803f450436dad448b5ff1fc8b26d9b4f69e8a. If you are calling this URL with a script, please use the API Token instead. More information: https://www.jenkins.io/redirect/crumb-cannot-be-used-for-script
[36mjenkins    |[0m 2023-12-22 21:17:44.135+0000 [id=18]	WARNING	hudson.security.csrf.CrumbFilter#doFilter: Found invalid crumb 8ac3a0a2785a9a04d63cf6c3699803f450436dad448b5ff1fc8b26d9b4f69e8a. If you are calling this URL with a script, please use the API Token instead. More information: https://www.jenkins.io/redirect/crumb-cannot-be-used-for-script
[36mjenkins    |[0m 2023-12-22 21:17:44.135+0000 [id=15]	WARNING	hudson.security.csrf.CrumbFilter#doFilter: No valid crumb was included in request for /widget/BuildQueueWidget/ajax by kkk. Returning 403.
[36mjenkins    |[0m 2023-12-22 21:17:44.136+0000 [id=18]	WARNING	hudson.security.csrf.CrumbFilter#doFilter: No valid crumb was included in request for /widget/ExecutorsWidget/ajax by kkk. Returning 403.
[36mjenkins    |[0m 2023-12-22 21:17:49.135+0000 [id=17]	WARNING	hudson.security.csrf.CrumbFilter#doFilter: Found invalid crumb 8ac3a0a2785a9a04d63cf6c3699803f450436dad448b5ff1fc8b26d9b4f69e8a. If you are calling this URL with a script, please use the API Token instead. More information: https://www.jenkins.io/redirect/crumb-cannot-be-used-for-script
[36mjenkins    |[0m 2023-12-22 21:17:49.135+0000 [id=19]	WARNING	hudson.security.csrf.CrumbFilter#doFilter: Found invalid crumb 8ac3a0a2785a9a04d63cf6c3699803f450436dad448b5ff1fc8b26d9b4f69e8a. If you are calling this URL with a script, please use the API Token instead. More information: https://www.jenkins.io/redirect/crumb-cannot-be-used-for-script
[36mjenkins    |[0m 2023-12-22 21:17:49.135+0000 [id=17]	WARNING	hudson.security.csrf.CrumbFilter#doFilter: No valid crumb was included in request for /widget/BuildQueueWidget/ajax by kkk. Returning 403.
[36mjenkins    |[0m 2023-12-22 21:17:49.136+0000 [id=19]	WARNING	hudson.security.csrf.CrumbFilter#doFilter: No valid crumb was included in request for /widget/ExecutorsWidget/ajax by kkk. Returning 403.
[36mjenkins    |[0m 2023-12-22 21:17:54.135+0000 [id=18]	WARNING	hudson.security.csrf.CrumbFilter#doFilter: Found invalid crumb 8ac3a0a2785a9a04d63cf6c3699803f450436dad448b5ff1fc8b26d9b4f69e8a. If you are calling this URL with a script, please use the API Token instead. More information: https://www.jenkins.io/redirect/crumb-cannot-be-used-for-script
[36mjenkins    |[0m 2023-12-22 21:17:54.135+0000 [id=15]	WARNING	hudson.security.csrf.CrumbFilter#doFilter: Found invalid crumb 8ac3a0a2785a9a04d63cf6c3699803f450436dad448b5ff1fc8b26d9b4f69e8a. If you are calling this URL with a script, please use the API Token instead. More information: https://www.jenkins.io/redirect/crumb-cannot-be-used-for-script
[36mjenkins    |[0m 2023-12-22 21:17:54.135+0000 [id=15]	WARNING	hudson.security.csrf.CrumbFilter#doFilter: No valid crumb was included in request for /widget/BuildQueueWidget/ajax by kkk. Returning 403.
[36mjenkins    |[0m 2023-12-22 21:17:54.135+0000 [id=18]	WARNING	hudson.security.csrf.CrumbFilter#doFilter: No valid crumb was included in request for /widget/ExecutorsWidget/ajax by kkk. Returning 403.
[36mjenkins    |[0m 2023-12-22 21:17:59.135+0000 [id=20]	WARNING	hudson.security.csrf.CrumbFilter#doFilter: Found invalid crumb 8ac3a0a2785a9a04d63cf6c3699803f450436dad448b5ff1fc8b26d9b4f69e8a. If you are calling this URL with a script, please use the API Token instead. More information: https://www.jenkins.io/redirect/crumb-cannot-be-used-for-script
[36mjenkins    |[0m 2023-12-22 21:17:59.135+0000 [id=17]	WARNING	hudson.security.csrf.CrumbFilter#doFilter: Found invalid crumb 8ac3a0a2785a9a04d63cf6c3699803f450436dad448b5ff1fc8b26d9b4f69e8a. If you are calling this URL with a script, please use the API Token instead. More information: https://www.jenkins.io/redirect/crumb-cannot-be-used-for-script
[36mjenkins    |[0m 2023-12-22 21:17:59.135+0000 [id=17]	WARNING	hudson.security.csrf.CrumbFilter#doFilter: No valid crumb was included in request for /widget/ExecutorsWidget/ajax by kkk. Returning 403.
[36mjenkins    |[0m 2023-12-22 21:17:59.135+0000 [id=20]	WARNING	hudson.security.csrf.CrumbFilter#doFilter: No valid crumb was included in request for /widget/BuildQueueWidget/ajax by kkk. Returning 403.
[36mjenkins    |[0m 2023-12-22 21:18:04.135+0000 [id=18]	WARNING	hudson.security.csrf.CrumbFilter#doFilter: Found invalid crumb 8ac3a0a2785a9a04d63cf6c3699803f450436dad448b5ff1fc8b26d9b4f69e8a. If you are calling this URL with a script, please use the API Token instead. More information: https://www.jenkins.io/redirect/crumb-cannot-be-used-for-script
[36mjenkins    |[0m 2023-12-22 21:18:04.135+0000 [id=15]	WARNING	hudson.security.csrf.CrumbFilter#doFilter: Found invalid crumb 8ac3a0a2785a9a04d63cf6c3699803f450436dad448b5ff1fc8b26d9b4f69e8a. If you are calling this URL with a script, please use the API Token instead. More information: https://www.jenkins.io/redirect/crumb-cannot-be-used-for-script
[36mjenkins    |[0m 2023-12-22 21:18:04.135+0000 [id=15]	WARNING	hudson.security.csrf.CrumbFilter#doFilter: No valid crumb was included in request for /widget/BuildQueueWidget/ajax by kkk. Returning 403.
[36mjenkins    |[0m 2023-12-22 21:18:04.136+0000 [id=18]	WARNING	hudson.security.csrf.CrumbFilter#doFilter: No valid crumb was included in request for /widget/ExecutorsWidget/ajax by kkk. Returning 403.
[36mjenkins    |[0m 2023-12-22 21:18:09.138+0000 [id=17]	WARNING	hudson.security.csrf.CrumbFilter#doFilter: Found invalid crumb 8ac3a0a2785a9a04d63cf6c3699803f450436dad448b5ff1fc8b26d9b4f69e8a. If you are calling this URL with a script, please use the API Token instead. More information: https://www.jenkins.io/redirect/crumb-cannot-be-used-for-script
[36mjenkins    |[0m 2023-12-22 21:18:09.138+0000 [id=17]	WARNING	hudson.security.csrf.CrumbFilter#doFilter: No valid crumb was included in request for /widget/BuildQueueWidget/ajax by kkk. Returning 403.
[36mjenkins    |[0m 2023-12-22 21:18:09.139+0000 [id=20]	WARNING	hudson.security.csrf.CrumbFilter#doFilter: Found invalid crumb 8ac3a0a2785a9a04d63cf6c3699803f450436dad448b5ff1fc8b26d9b4f69e8a. If you are calling this URL with a script, please use the API Token instead. More information: https://www.jenkins.io/redirect/crumb-cannot-be-used-for-script
[36mjenkins    |[0m 2023-12-22 21:18:09.141+0000 [id=20]	WARNING	hudson.security.csrf.CrumbFilter#doFilter: No valid crumb was included in request for /widget/ExecutorsWidget/ajax by kkk. Returning 403.
[36mjenkins    |[0m 2023-12-22 21:35:41.486+0000 [id=17]	WARNING	hudson.security.csrf.CrumbFilter#doFilter: Found invalid crumb 8ac3a0a2785a9a04d63cf6c3699803f450436dad448b5ff1fc8b26d9b4f69e8a. If you are calling this URL with a script, please use the API Token instead. More information: https://www.jenkins.io/redirect/crumb-cannot-be-used-for-script
[36mjenkins    |[0m 2023-12-22 21:35:41.486+0000 [id=17]	WARNING	hudson.security.csrf.CrumbFilter#doFilter: No valid crumb was included in request for /widget/BuildQueueWidget/ajax by kkk. Returning 403.
[36mjenkins    |[0m 2023-12-22 21:35:41.486+0000 [id=15]	WARNING	hudson.security.csrf.CrumbFilter#doFilter: Found invalid crumb 8ac3a0a2785a9a04d63cf6c3699803f450436dad448b5ff1fc8b26d9b4f69e8a. If you are calling this URL with a script, please use the API Token instead. More information: https://www.jenkins.io/redirect/crumb-cannot-be-used-for-script
[36mjenkins    |[0m 2023-12-22 21:35:41.487+0000 [id=15]	WARNING	hudson.security.csrf.CrumbFilter#doFilter: No valid crumb was included in request for /widget/ExecutorsWidget/ajax by kkk. Returning 403.
[36mjenkins    |[0m 2023-12-22 21:36:44.136+0000 [id=20]	WARNING	hudson.security.csrf.CrumbFilter#doFilter: Found invalid crumb 8ac3a0a2785a9a04d63cf6c3699803f450436dad448b5ff1fc8b26d9b4f69e8a. If you are calling this URL with a script, please use the API Token instead. More information: https://www.jenkins.io/redirect/crumb-cannot-be-used-for-script
[36mjenkins    |[0m 2023-12-22 21:36:44.136+0000 [id=19]	WARNING	hudson.security.csrf.CrumbFilter#doFilter: Found invalid crumb 8ac3a0a2785a9a04d63cf6c3699803f450436dad448b5ff1fc8b26d9b4f69e8a. If you are calling this URL with a script, please use the API Token instead. More information: https://www.jenkins.io/redirect/crumb-cannot-be-used-for-script
[36mjenkins    |[0m 2023-12-22 21:36:44.136+0000 [id=20]	WARNING	hudson.security.csrf.CrumbFilter#doFilter: No valid crumb was included in request for /widget/ExecutorsWidget/ajax by kkk. Returning 403.
[36mjenkins    |[0m 2023-12-22 21:36:44.136+0000 [id=19]	WARNING	hudson.security.csrf.CrumbFilter#doFilter: No valid crumb was included in request for /widget/BuildQueueWidget/ajax by kkk. Returning 403.
[36mjenkins    |[0m 2023-12-22 21:38:44.304+0000 [id=21]	WARNING	hudson.security.csrf.CrumbFilter#doFilter: Found invalid crumb 8ac3a0a2785a9a04d63cf6c3699803f450436dad448b5ff1fc8b26d9b4f69e8a. If you are calling this URL with a script, please use the API Token instead. More information: https://www.jenkins.io/redirect/crumb-cannot-be-used-for-script
[36mjenkins    |[0m 2023-12-22 21:38:44.304+0000 [id=19]	WARNING	hudson.security.csrf.CrumbFilter#doFilter: Found invalid crumb 8ac3a0a2785a9a04d63cf6c3699803f450436dad448b5ff1fc8b26d9b4f69e8a. If you are calling this URL with a script, please use the API Token instead. More information: https://www.jenkins.io/redirect/crumb-cannot-be-used-for-script
[36mjenkins    |[0m 2023-12-22 21:38:44.305+0000 [id=19]	WARNING	hudson.security.csrf.CrumbFilter#doFilter: No valid crumb was included in request for /widget/BuildQueueWidget/ajax by kkk. Returning 403.
[36mjenkins    |[0m 2023-12-22 21:38:44.305+0000 [id=21]	WARNING	hudson.security.csrf.CrumbFilter#doFilter: No valid crumb was included in request for /widget/ExecutorsWidget/ajax by kkk. Returning 403.
[36mjenkins    |[0m 2023-12-22 21:50:22.875+0000 [id=27]	INFO	winstone.Logger#logInternal: JVM is terminating. Shutting down Jetty
[36mjenkins    |[0m 2023-12-22 21:50:22.902+0000 [id=27]	INFO	org.eclipse.jetty.server.Server#doStop: Stopped Server@272ed83b{STOPPING}[10.0.18,sto=0]
[36mjenkins    |[0m 2023-12-22 21:50:22.992+0000 [id=27]	INFO	o.e.j.server.AbstractConnector#doStop: Stopped ServerConnector@4f67eb2a{HTTP/1.1, (http/1.1)}{0.0.0.0:8080}
[36mjenkins    |[0m 2023-12-22 21:50:23.055+0000 [id=27]	INFO	hudson.lifecycle.Lifecycle#onStatusUpdate: Stopping Jenkins
[36mjenkins    |[0m 2023-12-22 21:50:23.397+0000 [id=27]	INFO	jenkins.model.Jenkins$16#onAttained: Started termination
[36mjenkins    |[0m 2023-12-22 21:50:23.517+0000 [id=27]	INFO	h.p.b.global.Lifecycle#shutdown: Shutdown complete - Global TimeOut ScheduledExecutorService had 0 tasks pending
[36mjenkins    |[0m 2023-12-22 21:50:23.539+0000 [id=27]	INFO	jenkins.model.Jenkins$16#onAttained: Completed termination
[36mjenkins    |[0m 2023-12-22 21:50:23.539+0000 [id=27]	INFO	jenkins.model.Jenkins#_cleanUpDisconnectComputers: Starting node disconnection
[36mjenkins    |[0m 2023-12-22 21:50:23.677+0000 [id=27]	INFO	jenkins.model.Jenkins#_cleanUpShutdownPluginManager: Stopping plugin manager
[36mjenkins    |[0m 2023-12-22 21:50:23.700+0000 [id=27]	INFO	jenkins.model.Jenkins#_cleanUpPersistQueue: Persisting build queue
[36mjenkins    |[0m 2023-12-22 21:50:23.848+0000 [id=27]	INFO	jenkins.model.Jenkins#_cleanUpAwaitDisconnects: Waiting for node disconnection completion
[36mjenkins    |[0m 2023-12-22 21:50:23.848+0000 [id=27]	INFO	hudson.lifecycle.Lifecycle#onStatusUpdate: Jenkins stopped
[36mjenkins    |[0m 2023-12-22 21:50:23.873+0000 [id=27]	INFO	o.e.j.s.handler.ContextHandler#doStop: Stopped w.@5173200b{Jenkins v2.426.2,/,null,STOPPED}{/var/jenkins_home/war}
